<?xml version="1.0" encoding="UTF-8"?>
<testsuite xmlns:xsi="http://www.w3.org/2001/XMLSchema-instance" xsi:noNamespaceSchemaLocation="https://maven.apache.org/surefire/maven-surefire-plugin/xsd/surefire-test-report-3.0.xsd" version="3.0" name="com.example.demo.UefaApplicationTests" time="17.083" tests="1" errors="0" skipped="0" failures="0">
  <properties>
[...]
</properties>
  <testcase name="contextLoads" classname="com.example.demo.UefaApplicationTests" time="0.928">
    <system-out><![CDATA[16:41:33.733 [main] INFO org.springframework.boot.devtools.restart.RestartApplicationListener -- Restart disabled due to context in which it is running

  .   ____          _            __ _ _
 /\\ / ___'_ __ _ _(_)_ __  __ _ \ \ \ \
( ( )\___ | '_ | '_| | '_ \/ _` | \ \ \ \
 \\/  ___)| |_)| | | | | || (_| |  ) ) ) )
  '  |____| .__|_| |_|_| |_\__, | / / / /
 =========|_|==============|___/=/_/_/_/

 :: Spring Boot ::                (v3.3.4)

2024-10-25T16:41:34.446-05:00  INFO 12160 --- [UEFA] [           main] com.example.demo.UefaApplicationTests    : Starting UefaApplicationTests using Java 21.0.4 with PID 12160 (started by miran in C:\Users\miran\OneDrive\Documentos\Proyectos\UEFA_SPRING\UEFA)
2024-10-25T16:41:34.449-05:00  INFO 12160 --- [UEFA] [           main] com.example.demo.UefaApplicationTests    : No active profile set, falling back to 1 default profile: "default"
2024-10-25T16:41:36.716-05:00  INFO 12160 --- [UEFA] [           main] .s.d.r.c.RepositoryConfigurationDelegate : Multiple Spring Data modules found, entering strict repository configuration mode
2024-10-25T16:41:36.721-05:00  INFO 12160 --- [UEFA] [           main] .s.d.r.c.RepositoryConfigurationDelegate : Bootstrapping Spring Data JDBC repositories in DEFAULT mode.
2024-10-25T16:41:36.808-05:00  INFO 12160 --- [UEFA] [           main] .RepositoryConfigurationExtensionSupport : Spring Data JDBC - Could not safely identify store assignment for repository candidate interface com.uefa.repository.JugadorRepository; If you want this repository to be a JDBC repository, consider annotating your entities with one of these annotations: org.springframework.data.relational.core.mapping.Table.
2024-10-25T16:41:36.810-05:00  INFO 12160 --- [UEFA] [           main] .s.d.r.c.RepositoryConfigurationDelegate : Finished Spring Data repository scanning in 82 ms. Found 0 JDBC repository interfaces.
2024-10-25T16:41:36.842-05:00  INFO 12160 --- [UEFA] [           main] .s.d.r.c.RepositoryConfigurationDelegate : Multiple Spring Data modules found, entering strict repository configuration mode
2024-10-25T16:41:36.843-05:00  INFO 12160 --- [UEFA] [           main] .s.d.r.c.RepositoryConfigurationDelegate : Bootstrapping Spring Data JPA repositories in DEFAULT mode.
2024-10-25T16:41:36.906-05:00  INFO 12160 --- [UEFA] [           main] .s.d.r.c.RepositoryConfigurationDelegate : Finished Spring Data repository scanning in 51 ms. Found 1 JPA repository interface.
2024-10-25T16:41:38.428-05:00  INFO 12160 --- [UEFA] [           main] o.hibernate.jpa.internal.util.LogHelper  : HHH000204: Processing PersistenceUnitInfo [name: default]
2024-10-25T16:41:38.625-05:00  INFO 12160 --- [UEFA] [           main] org.hibernate.Version                    : HHH000412: Hibernate ORM core version 6.5.3.Final
2024-10-25T16:41:38.694-05:00  INFO 12160 --- [UEFA] [           main] o.h.c.internal.RegionFactoryInitiator    : HHH000026: Second-level cache disabled
2024-10-25T16:41:38.901-05:00 DEBUG 12160 --- [UEFA] [           main] org.hibernate.type.BasicTypeRegistry     : Adding type registration boolean -> org.hibernate.type.BasicTypeReference@28a6e171
2024-10-25T16:41:38.901-05:00 DEBUG 12160 --- [UEFA] [           main] org.hibernate.type.BasicTypeRegistry     : Adding type registration boolean -> org.hibernate.type.BasicTypeReference@28a6e171
2024-10-25T16:41:38.901-05:00 DEBUG 12160 --- [UEFA] [           main] org.hibernate.type.BasicTypeRegistry     : Adding type registration java.lang.Boolean -> org.hibernate.type.BasicTypeReference@28a6e171
2024-10-25T16:41:38.901-05:00 DEBUG 12160 --- [UEFA] [           main] org.hibernate.type.BasicTypeRegistry     : Adding type registration numeric_boolean -> org.hibernate.type.BasicTypeReference@23444a36
2024-10-25T16:41:38.901-05:00 DEBUG 12160 --- [UEFA] [           main] org.hibernate.type.BasicTypeRegistry     : Adding type registration org.hibernate.type.NumericBooleanConverter -> org.hibernate.type.BasicTypeReference@23444a36
2024-10-25T16:41:38.901-05:00 DEBUG 12160 --- [UEFA] [           main] org.hibernate.type.BasicTypeRegistry     : Adding type registration true_false -> org.hibernate.type.BasicTypeReference@31a136a6
2024-10-25T16:41:38.902-05:00 DEBUG 12160 --- [UEFA] [           main] org.hibernate.type.BasicTypeRegistry     : Adding type registration org.hibernate.type.TrueFalseConverter -> org.hibernate.type.BasicTypeReference@31a136a6
2024-10-25T16:41:38.902-05:00 DEBUG 12160 --- [UEFA] [           main] org.hibernate.type.BasicTypeRegistry     : Adding type registration yes_no -> org.hibernate.type.BasicTypeReference@30a9e3db
2024-10-25T16:41:38.902-05:00 DEBUG 12160 --- [UEFA] [           main] org.hibernate.type.BasicTypeRegistry     : Adding type registration org.hibernate.type.YesNoConverter -> org.hibernate.type.BasicTypeReference@30a9e3db
2024-10-25T16:41:38.902-05:00 DEBUG 12160 --- [UEFA] [           main] org.hibernate.type.BasicTypeRegistry     : Adding type registration byte -> org.hibernate.type.BasicTypeReference@2f9b21d6
2024-10-25T16:41:38.902-05:00 DEBUG 12160 --- [UEFA] [           main] org.hibernate.type.BasicTypeRegistry     : Adding type registration byte -> org.hibernate.type.BasicTypeReference@2f9b21d6
2024-10-25T16:41:38.902-05:00 DEBUG 12160 --- [UEFA] [           main] org.hibernate.type.BasicTypeRegistry     : Adding type registration java.lang.Byte -> org.hibernate.type.BasicTypeReference@2f9b21d6
2024-10-25T16:41:38.902-05:00 DEBUG 12160 --- [UEFA] [           main] org.hibernate.type.BasicTypeRegistry     : Adding type registration binary -> org.hibernate.type.BasicTypeReference@2e0fdbe9
2024-10-25T16:41:38.903-05:00 DEBUG 12160 --- [UEFA] [           main] org.hibernate.type.BasicTypeRegistry     : Adding type registration byte[] -> org.hibernate.type.BasicTypeReference@2e0fdbe9
2024-10-25T16:41:38.903-05:00 DEBUG 12160 --- [UEFA] [           main] org.hibernate.type.BasicTypeRegistry     : Adding type registration [B -> org.hibernate.type.BasicTypeReference@2e0fdbe9
2024-10-25T16:41:38.903-05:00 DEBUG 12160 --- [UEFA] [           main] org.hibernate.type.BasicTypeRegistry     : Adding type registration binary_wrapper -> org.hibernate.type.BasicTypeReference@16a3cc88
2024-10-25T16:41:38.903-05:00 DEBUG 12160 --- [UEFA] [           main] org.hibernate.type.BasicTypeRegistry     : Adding type registration wrapper-binary -> org.hibernate.type.BasicTypeReference@16a3cc88
2024-10-25T16:41:38.903-05:00 DEBUG 12160 --- [UEFA] [           main] org.hibernate.type.BasicTypeRegistry     : Adding type registration image -> org.hibernate.type.BasicTypeReference@696b52bc
2024-10-25T16:41:38.904-05:00 DEBUG 12160 --- [UEFA] [           main] org.hibernate.type.BasicTypeRegistry     : Adding type registration blob -> org.hibernate.type.BasicTypeReference@1f884bd6
2024-10-25T16:41:38.904-05:00 DEBUG 12160 --- [UEFA] [           main] org.hibernate.type.BasicTypeRegistry     : Adding type registration java.sql.Blob -> org.hibernate.type.BasicTypeReference@1f884bd6
2024-10-25T16:41:38.904-05:00 DEBUG 12160 --- [UEFA] [           main] org.hibernate.type.BasicTypeRegistry     : Adding type registration materialized_blob -> org.hibernate.type.BasicTypeReference@4f081b5d
2024-10-25T16:41:38.904-05:00 DEBUG 12160 --- [UEFA] [           main] org.hibernate.type.BasicTypeRegistry     : Adding type registration materialized_blob_wrapper -> org.hibernate.type.BasicTypeReference@474749b8
2024-10-25T16:41:38.904-05:00 DEBUG 12160 --- [UEFA] [           main] org.hibernate.type.BasicTypeRegistry     : Adding type registration short -> org.hibernate.type.BasicTypeReference@740a0d5e
2024-10-25T16:41:38.904-05:00 DEBUG 12160 --- [UEFA] [           main] org.hibernate.type.BasicTypeRegistry     : Adding type registration short -> org.hibernate.type.BasicTypeReference@740a0d5e
2024-10-25T16:41:38.905-05:00 DEBUG 12160 --- [UEFA] [           main] org.hibernate.type.BasicTypeRegistry     : Adding type registration java.lang.Short -> org.hibernate.type.BasicTypeReference@740a0d5e
2024-10-25T16:41:38.905-05:00 DEBUG 12160 --- [UEFA] [           main] org.hibernate.type.BasicTypeRegistry     : Adding type registration integer -> org.hibernate.type.BasicTypeReference@29013ef2
2024-10-25T16:41:38.905-05:00 DEBUG 12160 --- [UEFA] [           main] org.hibernate.type.BasicTypeRegistry     : Adding type registration int -> org.hibernate.type.BasicTypeReference@29013ef2
2024-10-25T16:41:38.906-05:00 DEBUG 12160 --- [UEFA] [           main] org.hibernate.type.BasicTypeRegistry     : Adding type registration java.lang.Integer -> org.hibernate.type.BasicTypeReference@29013ef2
2024-10-25T16:41:38.906-05:00 DEBUG 12160 --- [UEFA] [           main] org.hibernate.type.BasicTypeRegistry     : Adding type registration long -> org.hibernate.type.BasicTypeReference@265c1a7c
2024-10-25T16:41:38.906-05:00 DEBUG 12160 --- [UEFA] [           main] org.hibernate.type.BasicTypeRegistry     : Adding type registration long -> org.hibernate.type.BasicTypeReference@265c1a7c
2024-10-25T16:41:38.906-05:00 DEBUG 12160 --- [UEFA] [           main] org.hibernate.type.BasicTypeRegistry     : Adding type registration java.lang.Long -> org.hibernate.type.BasicTypeReference@265c1a7c
2024-10-25T16:41:38.907-05:00 DEBUG 12160 --- [UEFA] [           main] org.hibernate.type.BasicTypeRegistry     : Adding type registration float -> org.hibernate.type.BasicTypeReference@5b2b8d86
2024-10-25T16:41:38.907-05:00 DEBUG 12160 --- [UEFA] [           main] org.hibernate.type.BasicTypeRegistry     : Adding type registration float -> org.hibernate.type.BasicTypeReference@5b2b8d86
2024-10-25T16:41:38.907-05:00 DEBUG 12160 --- [UEFA] [           main] org.hibernate.type.BasicTypeRegistry     : Adding type registration java.lang.Float -> org.hibernate.type.BasicTypeReference@5b2b8d86
2024-10-25T16:41:38.907-05:00 DEBUG 12160 --- [UEFA] [           main] org.hibernate.type.BasicTypeRegistry     : Adding type registration double -> org.hibernate.type.BasicTypeReference@7fef0b40
2024-10-25T16:41:38.907-05:00 DEBUG 12160 --- [UEFA] [           main] org.hibernate.type.BasicTypeRegistry     : Adding type registration double -> org.hibernate.type.BasicTypeReference@7fef0b40
2024-10-25T16:41:38.907-05:00 DEBUG 12160 --- [UEFA] [           main] org.hibernate.type.BasicTypeRegistry     : Adding type registration java.lang.Double -> org.hibernate.type.BasicTypeReference@7fef0b40
2024-10-25T16:41:38.907-05:00 DEBUG 12160 --- [UEFA] [           main] org.hibernate.type.BasicTypeRegistry     : Adding type registration big_integer -> org.hibernate.type.BasicTypeReference@5f395ce1
2024-10-25T16:41:38.908-05:00 DEBUG 12160 --- [UEFA] [           main] org.hibernate.type.BasicTypeRegistry     : Adding type registration java.math.BigInteger -> org.hibernate.type.BasicTypeReference@5f395ce1
2024-10-25T16:41:38.908-05:00 DEBUG 12160 --- [UEFA] [           main] org.hibernate.type.BasicTypeRegistry     : Adding type registration big_decimal -> org.hibernate.type.BasicTypeReference@19f02280
2024-10-25T16:41:38.908-05:00 DEBUG 12160 --- [UEFA] [           main] org.hibernate.type.BasicTypeRegistry     : Adding type registration java.math.BigDecimal -> org.hibernate.type.BasicTypeReference@19f02280
2024-10-25T16:41:38.908-05:00 DEBUG 12160 --- [UEFA] [           main] org.hibernate.type.BasicTypeRegistry     : Adding type registration character -> org.hibernate.type.BasicTypeReference@1e30db85
2024-10-25T16:41:38.908-05:00 DEBUG 12160 --- [UEFA] [           main] org.hibernate.type.BasicTypeRegistry     : Adding type registration char -> org.hibernate.type.BasicTypeReference@1e30db85
2024-10-25T16:41:38.908-05:00 DEBUG 12160 --- [UEFA] [           main] org.hibernate.type.BasicTypeRegistry     : Adding type registration java.lang.Character -> org.hibernate.type.BasicTypeReference@1e30db85
2024-10-25T16:41:38.908-05:00 DEBUG 12160 --- [UEFA] [           main] org.hibernate.type.BasicTypeRegistry     : Adding type registration character_nchar -> org.hibernate.type.BasicTypeReference@19827608
2024-10-25T16:41:38.909-05:00 DEBUG 12160 --- [UEFA] [           main] org.hibernate.type.BasicTypeRegistry     : Adding type registration string -> org.hibernate.type.BasicTypeReference@cc9ef8d
2024-10-25T16:41:38.909-05:00 DEBUG 12160 --- [UEFA] [           main] org.hibernate.type.BasicTypeRegistry     : Adding type registration java.lang.String -> org.hibernate.type.BasicTypeReference@cc9ef8d
2024-10-25T16:41:38.909-05:00 DEBUG 12160 --- [UEFA] [           main] org.hibernate.type.BasicTypeRegistry     : Adding type registration nstring -> org.hibernate.type.BasicTypeReference@14b528b6
2024-10-25T16:41:38.909-05:00 DEBUG 12160 --- [UEFA] [           main] org.hibernate.type.BasicTypeRegistry     : Adding type registration characters -> org.hibernate.type.BasicTypeReference@c412556
2024-10-25T16:41:38.909-05:00 DEBUG 12160 --- [UEFA] [           main] org.hibernate.type.BasicTypeRegistry     : Adding type registration char[] -> org.hibernate.type.BasicTypeReference@c412556
2024-10-25T16:41:38.909-05:00 DEBUG 12160 --- [UEFA] [           main] org.hibernate.type.BasicTypeRegistry     : Adding type registration [C -> org.hibernate.type.BasicTypeReference@c412556
2024-10-25T16:41:38.910-05:00 DEBUG 12160 --- [UEFA] [           main] org.hibernate.type.BasicTypeRegistry     : Adding type registration wrapper-characters -> org.hibernate.type.BasicTypeReference@6f930e0
2024-10-25T16:41:38.910-05:00 DEBUG 12160 --- [UEFA] [           main] org.hibernate.type.BasicTypeRegistry     : Adding type registration text -> org.hibernate.type.BasicTypeReference@450f0235
2024-10-25T16:41:38.910-05:00 DEBUG 12160 --- [UEFA] [           main] org.hibernate.type.BasicTypeRegistry     : Adding type registration ntext -> org.hibernate.type.BasicTypeReference@78c262ba
2024-10-25T16:41:38.910-05:00 DEBUG 12160 --- [UEFA] [           main] org.hibernate.type.BasicTypeRegistry     : Adding type registration clob -> org.hibernate.type.BasicTypeReference@7d2c9361
2024-10-25T16:41:38.910-05:00 DEBUG 12160 --- [UEFA] [           main] org.hibernate.type.BasicTypeRegistry     : Adding type registration java.sql.Clob -> org.hibernate.type.BasicTypeReference@7d2c9361
2024-10-25T16:41:38.910-05:00 DEBUG 12160 --- [UEFA] [           main] org.hibernate.type.BasicTypeRegistry     : Adding type registration nclob -> org.hibernate.type.BasicTypeReference@329dc214
2024-10-25T16:41:38.910-05:00 DEBUG 12160 --- [UEFA] [           main] org.hibernate.type.BasicTypeRegistry     : Adding type registration java.sql.NClob -> org.hibernate.type.BasicTypeReference@329dc214
2024-10-25T16:41:38.910-05:00 DEBUG 12160 --- [UEFA] [           main] org.hibernate.type.BasicTypeRegistry     : Adding type registration materialized_clob -> org.hibernate.type.BasicTypeReference@fbe70d8
2024-10-25T16:41:38.910-05:00 DEBUG 12160 --- [UEFA] [           main] org.hibernate.type.BasicTypeRegistry     : Adding type registration materialized_clob_char_array -> org.hibernate.type.BasicTypeReference@64021427
2024-10-25T16:41:38.911-05:00 DEBUG 12160 --- [UEFA] [           main] org.hibernate.type.BasicTypeRegistry     : Adding type registration materialized_clob_character_array -> org.hibernate.type.BasicTypeReference@7d2c345d
2024-10-25T16:41:38.911-05:00 DEBUG 12160 --- [UEFA] [           main] org.hibernate.type.BasicTypeRegistry     : Adding type registration materialized_nclob -> org.hibernate.type.BasicTypeReference@217dc48e
2024-10-25T16:41:38.911-05:00 DEBUG 12160 --- [UEFA] [           main] org.hibernate.type.BasicTypeRegistry     : Adding type registration materialized_nclob_character_array -> org.hibernate.type.BasicTypeReference@5db948c9
2024-10-25T16:41:38.911-05:00 DEBUG 12160 --- [UEFA] [           main] org.hibernate.type.BasicTypeRegistry     : Adding type registration materialized_nclob_char_array -> org.hibernate.type.BasicTypeReference@296edc75
2024-10-25T16:41:38.911-05:00 DEBUG 12160 --- [UEFA] [           main] org.hibernate.type.BasicTypeRegistry     : Adding type registration Duration -> org.hibernate.type.BasicTypeReference@357c9bd9
2024-10-25T16:41:38.911-05:00 DEBUG 12160 --- [UEFA] [           main] org.hibernate.type.BasicTypeRegistry     : Adding type registration java.time.Duration -> org.hibernate.type.BasicTypeReference@357c9bd9
2024-10-25T16:41:38.911-05:00 DEBUG 12160 --- [UEFA] [           main] org.hibernate.type.BasicTypeRegistry     : Adding type registration LocalDateTime -> org.hibernate.type.BasicTypeReference@7aea704c
2024-10-25T16:41:38.912-05:00 DEBUG 12160 --- [UEFA] [           main] org.hibernate.type.BasicTypeRegistry     : Adding type registration java.time.LocalDateTime -> org.hibernate.type.BasicTypeReference@7aea704c
2024-10-25T16:41:38.912-05:00 DEBUG 12160 --- [UEFA] [           main] org.hibernate.type.BasicTypeRegistry     : Adding type registration LocalDate -> org.hibernate.type.BasicTypeReference@6d0290d8
2024-10-25T16:41:38.912-05:00 DEBUG 12160 --- [UEFA] [           main] org.hibernate.type.BasicTypeRegistry     : Adding type registration java.time.LocalDate -> org.hibernate.type.BasicTypeReference@6d0290d8
2024-10-25T16:41:38.912-05:00 DEBUG 12160 --- [UEFA] [           main] org.hibernate.type.BasicTypeRegistry     : Adding type registration LocalTime -> org.hibernate.type.BasicTypeReference@32507479
2024-10-25T16:41:38.912-05:00 DEBUG 12160 --- [UEFA] [           main] org.hibernate.type.BasicTypeRegistry     : Adding type registration java.time.LocalTime -> org.hibernate.type.BasicTypeReference@32507479
2024-10-25T16:41:38.913-05:00 DEBUG 12160 --- [UEFA] [           main] org.hibernate.type.BasicTypeRegistry     : Adding type registration OffsetDateTime -> org.hibernate.type.BasicTypeReference@632383b9
2024-10-25T16:41:38.913-05:00 DEBUG 12160 --- [UEFA] [           main] org.hibernate.type.BasicTypeRegistry     : Adding type registration java.time.OffsetDateTime -> org.hibernate.type.BasicTypeReference@632383b9
2024-10-25T16:41:38.913-05:00 DEBUG 12160 --- [UEFA] [           main] org.hibernate.type.BasicTypeRegistry     : Adding type registration OffsetDateTimeWithTimezone -> org.hibernate.type.BasicTypeReference@4ae2e781
2024-10-25T16:41:38.913-05:00 DEBUG 12160 --- [UEFA] [           main] org.hibernate.type.BasicTypeRegistry     : Adding type registration OffsetDateTimeWithoutTimezone -> org.hibernate.type.BasicTypeReference@339f3a55
2024-10-25T16:41:38.914-05:00 DEBUG 12160 --- [UEFA] [           main] org.hibernate.type.BasicTypeRegistry     : Adding type registration OffsetTime -> org.hibernate.type.BasicTypeReference@2dd63e3
2024-10-25T16:41:38.914-05:00 DEBUG 12160 --- [UEFA] [           main] org.hibernate.type.BasicTypeRegistry     : Adding type registration java.time.OffsetTime -> org.hibernate.type.BasicTypeReference@2dd63e3
2024-10-25T16:41:38.914-05:00 DEBUG 12160 --- [UEFA] [           main] org.hibernate.type.BasicTypeRegistry     : Adding type registration OffsetTimeUtc -> org.hibernate.type.BasicTypeReference@7d1c164a
2024-10-25T16:41:38.914-05:00 DEBUG 12160 --- [UEFA] [           main] org.hibernate.type.BasicTypeRegistry     : Adding type registration OffsetTimeWithTimezone -> org.hibernate.type.BasicTypeReference@209f3887
2024-10-25T16:41:38.914-05:00 DEBUG 12160 --- [UEFA] [           main] org.hibernate.type.BasicTypeRegistry     : Adding type registration OffsetTimeWithoutTimezone -> org.hibernate.type.BasicTypeReference@6a98f353
2024-10-25T16:41:38.914-05:00 DEBUG 12160 --- [UEFA] [           main] org.hibernate.type.BasicTypeRegistry     : Adding type registration ZonedDateTime -> org.hibernate.type.BasicTypeReference@3b35798
2024-10-25T16:41:38.914-05:00 DEBUG 12160 --- [UEFA] [           main] org.hibernate.type.BasicTypeRegistry     : Adding type registration java.time.ZonedDateTime -> org.hibernate.type.BasicTypeReference@3b35798
2024-10-25T16:41:38.915-05:00 DEBUG 12160 --- [UEFA] [           main] org.hibernate.type.BasicTypeRegistry     : Adding type registration ZonedDateTimeWithTimezone -> org.hibernate.type.BasicTypeReference@1e00bfe2
2024-10-25T16:41:38.915-05:00 DEBUG 12160 --- [UEFA] [           main] org.hibernate.type.BasicTypeRegistry     : Adding type registration ZonedDateTimeWithoutTimezone -> org.hibernate.type.BasicTypeReference@4702e7a5
2024-10-25T16:41:38.915-05:00 DEBUG 12160 --- [UEFA] [           main] org.hibernate.type.BasicTypeRegistry     : Adding type registration date -> org.hibernate.type.BasicTypeReference@6a2d867d
2024-10-25T16:41:38.915-05:00 DEBUG 12160 --- [UEFA] [           main] org.hibernate.type.BasicTypeRegistry     : Adding type registration java.sql.Date -> org.hibernate.type.BasicTypeReference@6a2d867d
2024-10-25T16:41:38.915-05:00 DEBUG 12160 --- [UEFA] [           main] org.hibernate.type.BasicTypeRegistry     : Adding type registration time -> org.hibernate.type.BasicTypeReference@73bb1337
2024-10-25T16:41:38.915-05:00 DEBUG 12160 --- [UEFA] [           main] org.hibernate.type.BasicTypeRegistry     : Adding type registration java.sql.Time -> org.hibernate.type.BasicTypeReference@73bb1337
2024-10-25T16:41:38.915-05:00 DEBUG 12160 --- [UEFA] [           main] org.hibernate.type.BasicTypeRegistry     : Adding type registration timestamp -> org.hibernate.type.BasicTypeReference@685f5d0d
2024-10-25T16:41:38.915-05:00 DEBUG 12160 --- [UEFA] [           main] org.hibernate.type.BasicTypeRegistry     : Adding type registration java.sql.Timestamp -> org.hibernate.type.BasicTypeReference@685f5d0d
2024-10-25T16:41:38.915-05:00 DEBUG 12160 --- [UEFA] [           main] org.hibernate.type.BasicTypeRegistry     : Adding type registration java.util.Date -> org.hibernate.type.BasicTypeReference@685f5d0d
2024-10-25T16:41:38.916-05:00 DEBUG 12160 --- [UEFA] [           main] org.hibernate.type.BasicTypeRegistry     : Adding type registration calendar -> org.hibernate.type.BasicTypeReference@3830b06c
2024-10-25T16:41:38.916-05:00 DEBUG 12160 --- [UEFA] [           main] org.hibernate.type.BasicTypeRegistry     : Adding type registration java.util.Calendar -> org.hibernate.type.BasicTypeReference@3830b06c
2024-10-25T16:41:38.916-05:00 DEBUG 12160 --- [UEFA] [           main] org.hibernate.type.BasicTypeRegistry     : Adding type registration java.util.GregorianCalendar -> org.hibernate.type.BasicTypeReference@3830b06c
2024-10-25T16:41:38.916-05:00 DEBUG 12160 --- [UEFA] [           main] org.hibernate.type.BasicTypeRegistry     : Adding type registration calendar_date -> org.hibernate.type.BasicTypeReference@3e28d779
2024-10-25T16:41:38.917-05:00 DEBUG 12160 --- [UEFA] [           main] org.hibernate.type.BasicTypeRegistry     : Adding type registration calendar_time -> org.hibernate.type.BasicTypeReference@15214920
2024-10-25T16:41:38.917-05:00 DEBUG 12160 --- [UEFA] [           main] org.hibernate.type.BasicTypeRegistry     : Adding type registration instant -> org.hibernate.type.BasicTypeReference@784d9bc
2024-10-25T16:41:38.917-05:00 DEBUG 12160 --- [UEFA] [           main] org.hibernate.type.BasicTypeRegistry     : Adding type registration java.time.Instant -> org.hibernate.type.BasicTypeReference@784d9bc
2024-10-25T16:41:38.917-05:00 DEBUG 12160 --- [UEFA] [           main] org.hibernate.type.BasicTypeRegistry     : Adding type registration uuid -> org.hibernate.type.BasicTypeReference@3a0aaaf0
2024-10-25T16:41:38.917-05:00 DEBUG 12160 --- [UEFA] [           main] org.hibernate.type.BasicTypeRegistry     : Adding type registration java.util.UUID -> org.hibernate.type.BasicTypeReference@3a0aaaf0
2024-10-25T16:41:38.917-05:00 DEBUG 12160 --- [UEFA] [           main] org.hibernate.type.BasicTypeRegistry     : Adding type registration pg-uuid -> org.hibernate.type.BasicTypeReference@3a0aaaf0
2024-10-25T16:41:38.917-05:00 DEBUG 12160 --- [UEFA] [           main] org.hibernate.type.BasicTypeRegistry     : Adding type registration uuid-binary -> org.hibernate.type.BasicTypeReference@426131d7
2024-10-25T16:41:38.918-05:00 DEBUG 12160 --- [UEFA] [           main] org.hibernate.type.BasicTypeRegistry     : Adding type registration uuid-char -> org.hibernate.type.BasicTypeReference@5d9618f2
2024-10-25T16:41:38.919-05:00 DEBUG 12160 --- [UEFA] [           main] org.hibernate.type.BasicTypeRegistry     : Adding type registration class -> org.hibernate.type.BasicTypeReference@7c7e73c5
2024-10-25T16:41:38.919-05:00 DEBUG 12160 --- [UEFA] [           main] org.hibernate.type.BasicTypeRegistry     : Adding type registration java.lang.Class -> org.hibernate.type.BasicTypeReference@7c7e73c5
2024-10-25T16:41:38.920-05:00 DEBUG 12160 --- [UEFA] [           main] org.hibernate.type.BasicTypeRegistry     : Adding type registration currency -> org.hibernate.type.BasicTypeReference@13cc0b90
2024-10-25T16:41:38.920-05:00 DEBUG 12160 --- [UEFA] [           main] org.hibernate.type.BasicTypeRegistry     : Adding type registration Currency -> org.hibernate.type.BasicTypeReference@13cc0b90
2024-10-25T16:41:38.920-05:00 DEBUG 12160 --- [UEFA] [           main] org.hibernate.type.BasicTypeRegistry     : Adding type registration java.util.Currency -> org.hibernate.type.BasicTypeReference@13cc0b90
2024-10-25T16:41:38.920-05:00 DEBUG 12160 --- [UEFA] [           main] org.hibernate.type.BasicTypeRegistry     : Adding type registration locale -> org.hibernate.type.BasicTypeReference@58687fb7
2024-10-25T16:41:38.920-05:00 DEBUG 12160 --- [UEFA] [           main] org.hibernate.type.BasicTypeRegistry     : Adding type registration java.util.Locale -> org.hibernate.type.BasicTypeReference@58687fb7
2024-10-25T16:41:38.920-05:00 DEBUG 12160 --- [UEFA] [           main] org.hibernate.type.BasicTypeRegistry     : Adding type registration serializable -> org.hibernate.type.BasicTypeReference@3554bdc0
2024-10-25T16:41:38.920-05:00 DEBUG 12160 --- [UEFA] [           main] org.hibernate.type.BasicTypeRegistry     : Adding type registration java.io.Serializable -> org.hibernate.type.BasicTypeReference@3554bdc0
2024-10-25T16:41:38.920-05:00 DEBUG 12160 --- [UEFA] [           main] org.hibernate.type.BasicTypeRegistry     : Adding type registration timezone -> org.hibernate.type.BasicTypeReference@3a3b10f4
2024-10-25T16:41:38.921-05:00 DEBUG 12160 --- [UEFA] [           main] org.hibernate.type.BasicTypeRegistry     : Adding type registration java.util.TimeZone -> org.hibernate.type.BasicTypeReference@3a3b10f4
2024-10-25T16:41:38.921-05:00 DEBUG 12160 --- [UEFA] [           main] org.hibernate.type.BasicTypeRegistry     : Adding type registration ZoneOffset -> org.hibernate.type.BasicTypeReference@49580ca8
2024-10-25T16:41:38.921-05:00 DEBUG 12160 --- [UEFA] [           main] org.hibernate.type.BasicTypeRegistry     : Adding type registration java.time.ZoneOffset -> org.hibernate.type.BasicTypeReference@49580ca8
2024-10-25T16:41:38.921-05:00 DEBUG 12160 --- [UEFA] [           main] org.hibernate.type.BasicTypeRegistry     : Adding type registration url -> org.hibernate.type.BasicTypeReference@525647f3
2024-10-25T16:41:38.921-05:00 DEBUG 12160 --- [UEFA] [           main] org.hibernate.type.BasicTypeRegistry     : Adding type registration java.net.URL -> org.hibernate.type.BasicTypeReference@525647f3
2024-10-25T16:41:38.921-05:00 DEBUG 12160 --- [UEFA] [           main] org.hibernate.type.BasicTypeRegistry     : Adding type registration vector -> org.hibernate.type.BasicTypeReference@42fc4ac4
2024-10-25T16:41:38.921-05:00 DEBUG 12160 --- [UEFA] [           main] org.hibernate.type.BasicTypeRegistry     : Adding type registration row_version -> org.hibernate.type.BasicTypeReference@20a24edf
2024-10-25T16:41:38.930-05:00 DEBUG 12160 --- [UEFA] [           main] org.hibernate.type.BasicTypeRegistry     : Adding type registration object -> org.hibernate.type.JavaObjectType@1f129467
2024-10-25T16:41:38.930-05:00 DEBUG 12160 --- [UEFA] [           main] org.hibernate.type.BasicTypeRegistry     : Adding type registration java.lang.Object -> org.hibernate.type.JavaObjectType@1f129467
2024-10-25T16:41:38.932-05:00 DEBUG 12160 --- [UEFA] [           main] org.hibernate.type.BasicTypeRegistry     : Adding type registration null -> org.hibernate.type.NullType@5db3d57c
2024-10-25T16:41:38.933-05:00 DEBUG 12160 --- [UEFA] [           main] org.hibernate.type.BasicTypeRegistry     : Adding type registration imm_date -> org.hibernate.type.BasicTypeReference@53a50b0a
2024-10-25T16:41:38.934-05:00 DEBUG 12160 --- [UEFA] [           main] org.hibernate.type.BasicTypeRegistry     : Adding type registration imm_time -> org.hibernate.type.BasicTypeReference@395f52ed
2024-10-25T16:41:38.934-05:00 DEBUG 12160 --- [UEFA] [           main] org.hibernate.type.BasicTypeRegistry     : Adding type registration imm_timestamp -> org.hibernate.type.BasicTypeReference@7a84788f
2024-10-25T16:41:38.934-05:00 DEBUG 12160 --- [UEFA] [           main] org.hibernate.type.BasicTypeRegistry     : Adding type registration imm_calendar -> org.hibernate.type.BasicTypeReference@102c18e
2024-10-25T16:41:38.934-05:00 DEBUG 12160 --- [UEFA] [           main] org.hibernate.type.BasicTypeRegistry     : Adding type registration imm_calendar_date -> org.hibernate.type.BasicTypeReference@26e0d39c
2024-10-25T16:41:38.934-05:00 DEBUG 12160 --- [UEFA] [           main] org.hibernate.type.BasicTypeRegistry     : Adding type registration imm_calendar_time -> org.hibernate.type.BasicTypeReference@65eb3597
2024-10-25T16:41:38.934-05:00 DEBUG 12160 --- [UEFA] [           main] org.hibernate.type.BasicTypeRegistry     : Adding type registration imm_binary -> org.hibernate.type.BasicTypeReference@3c7279a5
2024-10-25T16:41:38.934-05:00 DEBUG 12160 --- [UEFA] [           main] org.hibernate.type.BasicTypeRegistry     : Adding type registration imm_serializable -> org.hibernate.type.BasicTypeReference@2bebd114
2024-10-25T16:41:39.826-05:00  INFO 12160 --- [UEFA] [           main] o.s.o.j.p.SpringPersistenceUnitInfo      : No LoadTimeWeaver setup: ignoring JPA class transformer
2024-10-25T16:41:39.903-05:00  INFO 12160 --- [UEFA] [           main] com.zaxxer.hikari.HikariDataSource       : HikariPool-1 - Starting...
2024-10-25T16:41:41.275-05:00  INFO 12160 --- [UEFA] [           main] com.zaxxer.hikari.pool.HikariPool        : HikariPool-1 - Added connection ConnectionID:1 ClientConnectionId: 1bd21d08-80a9-4da8-840e-b067331725d1
2024-10-25T16:41:41.281-05:00  INFO 12160 --- [UEFA] [           main] com.zaxxer.hikari.HikariDataSource       : HikariPool-1 - Start completed.
2024-10-25T16:41:41.340-05:00  WARN 12160 --- [UEFA] [           main] org.hibernate.orm.deprecation            : HHH90000025: SQLServerDialect does not need to be specified explicitly using 'hibernate.dialect' (remove the property setting and it will be selected by default)
2024-10-25T16:41:41.582-05:00 DEBUG 12160 --- [UEFA] [           main] o.h.t.d.jdbc.spi.JdbcTypeRegistry        : addDescriptor(NCharTypeDescriptor) replaced previous registration(CharTypeDescriptor)
2024-10-25T16:41:41.583-05:00 DEBUG 12160 --- [UEFA] [           main] o.h.t.d.jdbc.spi.JdbcTypeRegistry        : addDescriptor(NVarcharTypeDescriptor) replaced previous registration(VarcharTypeDescriptor)
2024-10-25T16:41:41.585-05:00 DEBUG 12160 --- [UEFA] [           main] o.h.t.d.jdbc.spi.JdbcTypeRegistry        : addDescriptor(LongNVarcharTypeDescriptor) replaced previous registration(LongVarcharTypeDescriptor)
2024-10-25T16:41:41.589-05:00 DEBUG 12160 --- [UEFA] [           main] o.h.t.d.jdbc.spi.JdbcTypeRegistry        : addDescriptor(NClobTypeDescriptor(DEFAULT)) replaced previous registration(ClobTypeDescriptor(DEFAULT))
2024-10-25T16:41:41.589-05:00 DEBUG 12160 --- [UEFA] [           main] o.h.t.d.jdbc.spi.JdbcTypeRegistry        : addDescriptor(2005, ClobTypeDescriptor(STREAM_BINDING)) replaced previous registration(ClobTypeDescriptor(DEFAULT))
2024-10-25T16:41:41.591-05:00 DEBUG 12160 --- [UEFA] [           main] o.h.t.d.jdbc.spi.JdbcTypeRegistry        : addDescriptor(TimestampUtcDescriptor) replaced previous registration(TimestampUtcDescriptor)
2024-10-25T16:41:41.592-05:00 DEBUG 12160 --- [UEFA] [           main] o.h.t.d.jdbc.spi.JdbcTypeRegistry        : addDescriptor(-6, TinyIntTypeDescriptor) replaced previous registration(TinyIntTypeDescriptor)
2024-10-25T16:41:41.602-05:00 DEBUG 12160 --- [UEFA] [           main] org.hibernate.type.BasicTypeRegistry     : Adding type registration org.hibernate.type.DurationType -> basicType@1(java.time.Duration,3015)
2024-10-25T16:41:41.602-05:00 DEBUG 12160 --- [UEFA] [           main] org.hibernate.type.BasicTypeRegistry     : Adding type registration Duration -> basicType@1(java.time.Duration,3015)
2024-10-25T16:41:41.602-05:00 DEBUG 12160 --- [UEFA] [           main] org.hibernate.type.BasicTypeRegistry     : Adding type registration java.time.Duration -> basicType@1(java.time.Duration,3015)
2024-10-25T16:41:41.608-05:00 DEBUG 12160 --- [UEFA] [           main] o.h.type.spi.TypeConfiguration$Scope     : Scoping TypeConfiguration [org.hibernate.type.spi.TypeConfiguration@35e75f7a] to MetadataBuildingContext [org.hibernate.boot.internal.MetadataBuildingContextRootImpl@4f7bb8df]
2024-10-25T16:41:43.589-05:00  INFO 12160 --- [UEFA] [           main] o.h.e.t.j.p.i.JtaPlatformInitiator       : HHH000489: No JTA platform available (set 'hibernate.transaction.jta.platform' to enable JTA platform integration)
2024-10-25T16:41:43.591-05:00 DEBUG 12160 --- [UEFA] [           main] o.h.type.spi.TypeConfiguration$Scope     : Scoping TypeConfiguration [org.hibernate.type.spi.TypeConfiguration@35e75f7a] to SessionFactoryImplementor [org.hibernate.internal.SessionFactoryImpl@531bec12]
2024-10-25T16:41:45.444-05:00 TRACE 12160 --- [UEFA] [           main] o.h.type.spi.TypeConfiguration$Scope     : Handling #sessionFactoryCreated from [org.hibernate.internal.SessionFactoryImpl@531bec12] for TypeConfiguration
2024-10-25T16:41:45.445-05:00  INFO 12160 --- [UEFA] [           main] j.LocalContainerEntityManagerFactoryBean : Initialized JPA EntityManagerFactory for persistence unit 'default'
2024-10-25T16:41:45.953-05:00 DEBUG 12160 --- [UEFA] [           main] o.h.stat.internal.StatisticsInitiator    : Statistics initialized [enabled=false]
2024-10-25T16:41:48.034-05:00  WARN 12160 --- [UEFA] [           main] o.s.data.convert.CustomConversions       : Registering converter from class microsoft.sql.DateTimeOffset to class java.time.OffsetDateTime as reading converter although it doesn't convert from a store-supported type; You might want to check your annotation setup at the converter implementation
2024-10-25T16:41:48.467-05:00  INFO 12160 --- [UEFA] [           main] com.example.demo.UefaApplicationTests    : Started UefaApplicationTests in 14.778 seconds (process running for 18.049)
]]></system-out>
    <system-err><![CDATA[WARNING: A Java agent has been loaded dynamically (C:\Users\miran\.m2\repository\net\bytebuddy\byte-buddy-agent\1.14.19\byte-buddy-agent-1.14.19.jar)
WARNING: If a serviceability tool is in use, please run with -XX:+EnableDynamicAgentLoading to hide this warning
WARNING: If a serviceability tool is not in use, please run with -Djdk.instrument.traceUsage for more information
WARNING: Dynamic loading of agents will be disallowed by default in a future release
]]></system-err>
  </testcase>
</testsuite>